INFO:root:setting 'ken' or 'iOS'
INFO:root:setting 'frank' or 'oracle'
INFO:root:setting 'ken' or 'iOS'
INFO:root:setting 'frank' or 'oracle'
INFO:root:setting 'ken' or 'iOS'
INFO:root:setting 'frank' or 'oracle'
INFO:root:setting 'ken' or 'iOS'
INFO:root:setting 'frank' or 'oracle'
INFO:root:setting 'ken' or 'iOS'
INFO:root:setting 'frank' or 'oracle'
INFO:root:setting 'ken' or 'iOS'
INFO:root:setting 'frank' or 'oracle'
INFO:root:setting 'ken' or 'iOS'
WARNING:root:setting 'ken' or 'iOS'
ERROR:root:setting 'ken' or 'iOS'
CRITICAL:root:setting 'ken' or 'iOS'
INFO:root:setting 'frank' or 'oracle'
WARNING:root:setting 'frank' or 'oracle'
ERROR:root:setting 'frank' or 'oracle'
CRITICAL:root:setting 'frank' or 'oracle'
WARNING:root:setting 'ken' or 'iOS'
ERROR:root:setting 'ken' or 'iOS'
CRITICAL:root:setting 'ken' or 'iOS'
WARNING:root:setting 'frank' or 'oracle'
ERROR:root:setting 'frank' or 'oracle'
CRITICAL:root:setting 'frank' or 'oracle'
DEBUG:root:setting 'ken' or 'iOS'
INFO:root:setting 'ken' or 'iOS'
WARNING:root:setting 'ken' or 'iOS'
ERROR:root:setting 'ken' or 'iOS'
CRITICAL:root:setting 'ken' or 'iOS'
DEBUG:root:setting 'frank' or 'oracle'
INFO:root:setting 'frank' or 'oracle'
WARNING:root:setting 'frank' or 'oracle'
ERROR:root:setting 'frank' or 'oracle'
CRITICAL:root:setting 'frank' or 'oracle'
DEBUG:root:setting 'ken' or 'iOS'
INFO:root:setting 'ken' or 'iOS'
WARNING:root:setting 'ken' or 'iOS'
ERROR:root:setting 'ken' or 'iOS'
CRITICAL:root:setting 'ken' or 'iOS'
DEBUG:root:setting 'frank' or 'oracle'
INFO:root:setting 'frank' or 'oracle'
WARNING:root:setting 'frank' or 'oracle'
ERROR:root:setting 'frank' or 'oracle'
CRITICAL:root:setting 'frank' or 'oracle'
DEBUG:root:setting 'ken' or 'iOS'
INFO:root:setting 'ken' or 'iOS'
WARNING:root:setting 'ken' or 'iOS'
ERROR:root:setting 'ken' or 'iOS'
CRITICAL:root:setting 'ken' or 'iOS'
DEBUG:root:setting 'frank' or 'oracle'
INFO:root:setting 'frank' or 'oracle'
WARNING:root:setting 'frank' or 'oracle'
ERROR:root:setting 'frank' or 'oracle'
CRITICAL:root:setting 'frank' or 'oracle'
DEBUG:root:setting 'ken' or 'iOS'
INFO:root:setting 'ken' or 'iOS'
WARNING:root:setting 'ken' or 'iOS'
ERROR:root:setting 'ken' or 'iOS'
CRITICAL:root:setting 'ken' or 'iOS'
DEBUG:root:setting 'frank' or 'oracle'
INFO:root:setting 'frank' or 'oracle'
WARNING:root:setting 'frank' or 'oracle'
ERROR:root:setting 'frank' or 'oracle'
CRITICAL:root:setting 'frank' or 'oracle'
DEBUG:root:setting 'ken' or 'iOS'
INFO:root:setting 'ken' or 'iOS'
WARNING:root:setting 'ken' or 'iOS'
ERROR:root:setting 'ken' or 'iOS'
CRITICAL:root:setting 'ken' or 'iOS'
DEBUG:root:setting 'frank' or 'oracle'
INFO:root:setting 'frank' or 'oracle'
WARNING:root:setting 'frank' or 'oracle'
ERROR:root:setting 'frank' or 'oracle'
CRITICAL:root:setting 'frank' or 'oracle'
DEBUG:root:setting 'ken' or 'iOS'
INFO:root:setting 'ken' or 'iOS'
WARNING:root:setting 'ken' or 'iOS'
ERROR:root:setting 'ken' or 'iOS'
CRITICAL:root:setting 'ken' or 'iOS'
DEBUG:root:setting 'frank' or 'oracle'
INFO:root:setting 'frank' or 'oracle'
WARNING:root:setting 'frank' or 'oracle'
ERROR:root:setting 'frank' or 'oracle'
CRITICAL:root:setting 'frank' or 'oracle'
DEBUG:root:setting 'ken' or 'iOS'
INFO:root:setting 'ken' or 'iOS'
WARNING:root:setting 'ken' or 'iOS'
ERROR:root:setting 'ken' or 'iOS'
CRITICAL:root:setting 'ken' or 'iOS'
DEBUG:root:setting 'frank' or 'oracle'
INFO:root:setting 'frank' or 'oracle'
WARNING:root:setting 'frank' or 'oracle'
ERROR:root:setting 'frank' or 'oracle'
CRITICAL:root:setting 'frank' or 'oracle'
DEBUG:root:setting 'mark' or 'open source'
INFO:root:setting 'mark' or 'open source'
WARNING:root:setting 'mark' or 'open source'
ERROR:root:setting 'mark' or 'open source'
CRITICAL:root:setting 'mark' or 'open source'
DEBUG:root:setting 'ken' or 'iOS'
INFO:root:setting 'ken' or 'iOS'
WARNING:root:setting 'ken' or 'iOS'
ERROR:root:setting 'ken' or 'iOS'
CRITICAL:root:setting 'ken' or 'iOS'
DEBUG:root:setting 'frank' or 'oracle'
INFO:root:setting 'frank' or 'oracle'
WARNING:root:setting 'frank' or 'oracle'
ERROR:root:setting 'frank' or 'oracle'
CRITICAL:root:setting 'frank' or 'oracle'
